[2019-01-17 10:53:51] local.INFO: step0[To:13701383184] from [from01] ip [172.16.41.216]
[2019-01-17 10:53:51] local.INFO: left:47168
[2019-01-17 10:53:51] local.INFO: step1:11
[2019-01-17 10:53:51] local.INFO: step2:voice

[2019-01-17 09:39:41] local.INFO: [To:13701383184] from [from01]
[2019-01-17 09:39:41] local.INFO: left:51618
[2019-01-17 09:39:41] local.INFO: step1:0
[2019-01-17 09:39:41] local.INFO: step2:sms
[2019-01-17 09:39:41] local.INFO: left:51618
[2019-01-17 09:39:41] local.INFO: [CSG]Send SMS to 13701383184: 6553
[2019-01-17 09:39:41] local.INFO: [To:13701383184] by [sms], verify code: 6553

{"exactQuery":{"isMonth":"是","type":[{"rentType":"整租","bedroomNum":"1#2#3#4000"}],"geo":{"coordinate":"116.444761,39.929114","nearDistance":50000},"city":"北京市"},"page":{"pageNum":1,"pageSize":20},"type":3}
{
    "code": "0000",
    "msg": "",
    "tid": "188b82",
    "consume": 46.4150390625,
    "data": {
        "data": true
    }
}

1、申请椋鸟计划（手动）
2、上传接口
3、申请万元礼包
4、助力万元礼包活动
5、申请椋鸟计划(自动)第三方爬虫机制（等待周五3月15日联调学信网爬虫）
6、助力成员列表
7、查询返现价格通过传参
8、是否申请了椋鸟计划
9、查询城市的返现价格
10、违规禁用余额（后台）
11、提现成功改状态（后台）
12、取消违规禁用(后台)

